<?xml version="1.0" encoding="UTF-8"?>
<testng-results ignored="0" total="1" passed="1" failed="0" skipped="0">
  <reporter-output>
  </reporter-output>
  <suite started-at="2024-10-28T01:45:22 EDT" name="Default suite" finished-at="2024-10-28T01:45:31 EDT" duration-ms="9152">
    <groups>
    </groups>
    <test started-at="2024-10-28T01:45:22 EDT" name="Default test" finished-at="2024-10-28T01:45:31 EDT" duration-ms="9152">
      <class name="com.automation.tests.AutomationScript">
        <test-method is-config="true" signature="setUpBeforeMethod()[pri:0, instance:com.automation.tests.AutomationScript@2a39fe6a]" started-at="2024-10-28T01:45:22 EDT" name="setUpBeforeMethod" finished-at="2024-10-28T01:45:25 EDT" duration-ms="2884" status="PASS">
          <reporter-output>
          </reporter-output>
        </test-method> <!-- setUpBeforeMethod -->
        <test-method signature="testValidLogin()[pri:0, instance:com.automation.tests.AutomationScript@2a39fe6a]" started-at="2024-10-28T01:45:25 EDT" name="testValidLogin" finished-at="2024-10-28T01:45:28 EDT" duration-ms="3181" status="PASS">
          <reporter-output>
          </reporter-output>
        </test-method> <!-- testValidLogin -->
        <test-method is-config="true" signature="tearDownAfterMethod()[pri:0, instance:com.automation.tests.AutomationScript@2a39fe6a]" started-at="2024-10-28T01:45:28 EDT" name="tearDownAfterMethod" finished-at="2024-10-28T01:45:31 EDT" duration-ms="3007" status="PASS">
          <reporter-output>
          </reporter-output>
        </test-method> <!-- tearDownAfterMethod -->
      </class> <!-- com.automation.tests.AutomationScript -->
    </test> <!-- Default test -->
  </suite> <!-- Default suite -->
</testng-results>
